<?xml version="1.0" encoding="UTF-8"?>
<coverage generated="1617098334504" clover="3.2.0">
  <project timestamp="1617098334504" name="All files">
    <metrics statements="119" coveredstatements="116" conditionals="42" coveredconditionals="38" methods="43" coveredmethods="42" elements="204" coveredelements="196" complexity="0" loc="119" ncloc="119" packages="6" files="9" classes="9"/>
    <package name="src">
      <metrics statements="3" coveredstatements="0" conditionals="0" coveredconditionals="0" methods="0" coveredmethods="0"/>
      <file name="index.js" path="/Users/paulo.kinjo/Documents/Projects/Java/hoaxify/frontend/src/index.js">
        <metrics statements="3" coveredstatements="0" conditionals="0" coveredconditionals="0" methods="0" coveredmethods="0"/>
        <line num="11" count="0" type="stmt"/>
        <line num="13" count="0" type="stmt"/>
        <line num="25" count="0" type="stmt"/>
      </file>
    </package>
    <package name="src.api">
      <metrics statements="8" coveredstatements="8" conditionals="2" coveredconditionals="2" methods="3" coveredmethods="3"/>
      <file name="apiCalls.js" path="/Users/paulo.kinjo/Documents/Projects/Java/hoaxify/frontend/src/api/apiCalls.js">
        <metrics statements="8" coveredstatements="8" conditionals="2" coveredconditionals="2" methods="3" coveredmethods="3"/>
        <line num="3" count="4" type="stmt"/>
        <line num="4" count="2" type="stmt"/>
        <line num="7" count="4" type="stmt"/>
        <line num="8" count="5" type="stmt"/>
        <line num="11" count="4" type="stmt"/>
        <line num="12" count="8" type="cond" truecount="2" falsecount="0"/>
        <line num="13" count="7" type="stmt"/>
        <line num="17" count="1" type="stmt"/>
      </file>
    </package>
    <package name="src.components">
      <metrics statements="9" coveredstatements="9" conditionals="2" coveredconditionals="2" methods="3" coveredmethods="3"/>
      <file name="TopBar.js" path="/Users/paulo.kinjo/Documents/Projects/Java/hoaxify/frontend/src/components/TopBar.js">
        <metrics statements="9" coveredstatements="9" conditionals="2" coveredconditionals="2" methods="3" coveredmethods="3"/>
        <line num="7" count="27" type="stmt"/>
        <line num="8" count="3" type="stmt"/>
        <line num="12" count="3" type="stmt"/>
        <line num="17" count="34" type="stmt"/>
        <line num="31" count="34" type="cond" truecount="2" falsecount="0"/>
        <line num="32" count="11" type="stmt"/>
        <line num="50" count="34" type="stmt"/>
        <line num="65" count="2" type="stmt"/>
        <line num="66" count="34" type="stmt"/>
      </file>
    </package>
    <package name="src.containers">
      <metrics statements="2" coveredstatements="2" conditionals="0" coveredconditionals="0" methods="1" coveredmethods="1"/>
      <file name="App.js" path="/Users/paulo.kinjo/Documents/Projects/Java/hoaxify/frontend/src/containers/App.js">
        <metrics statements="2" coveredstatements="2" conditionals="0" coveredconditionals="0" methods="1" coveredmethods="1"/>
        <line num="10" count="1" type="stmt"/>
        <line num="11" count="19" type="stmt"/>
      </file>
    </package>
    <package name="src.pages">
      <metrics statements="66" coveredstatements="66" conditionals="28" coveredconditionals="27" methods="26" coveredmethods="25"/>
      <file name="LoginPage.js" path="/Users/paulo.kinjo/Documents/Projects/Java/hoaxify/frontend/src/pages/LoginPage.js">
        <metrics statements="25" coveredstatements="25" conditionals="10" coveredconditionals="10" methods="12" coveredmethods="11"/>
        <line num="9" count="29" type="stmt"/>
        <line num="16" count="29" type="stmt"/>
        <line num="17" count="20" type="stmt"/>
        <line num="18" count="20" type="stmt"/>
        <line num="24" count="29" type="stmt"/>
        <line num="25" count="20" type="stmt"/>
        <line num="26" count="20" type="stmt"/>
        <line num="32" count="29" type="stmt"/>
        <line num="33" count="14" type="stmt"/>
        <line num="38" count="14" type="stmt"/>
        <line num="40" count="14" type="stmt"/>
        <line num="43" count="10" type="stmt"/>
        <line num="44" count="8" type="stmt"/>
        <line num="48" count="8" type="cond" truecount="2" falsecount="0"/>
        <line num="49" count="4" type="stmt"/>
        <line num="52" count="8" type="stmt"/>
        <line num="57" count="99" type="stmt"/>
        <line num="58" count="99" type="cond" truecount="4" falsecount="0"/>
        <line num="59" count="50" type="stmt"/>
        <line num="62" count="99" type="stmt"/>
        <line num="103" count="2" type="stmt"/>
        <line num="105" count="1" type="stmt"/>
        <line num="110" count="2" type="stmt"/>
        <line num="111" count="8" type="stmt"/>
        <line num="113" count="3" type="stmt"/>
      </file>
      <file name="UserSignupPage.js" path="/Users/paulo.kinjo/Documents/Projects/Java/hoaxify/frontend/src/pages/UserSignupPage.js">
        <metrics statements="41" coveredstatements="41" conditionals="18" coveredconditionals="17" methods="14" coveredmethods="14"/>
        <line num="9" count="33" type="stmt"/>
        <line num="19" count="33" type="stmt"/>
        <line num="20" count="20" type="stmt"/>
        <line num="21" count="20" type="stmt"/>
        <line num="22" count="20" type="stmt"/>
        <line num="23" count="20" type="stmt"/>
        <line num="26" count="33" type="stmt"/>
        <line num="27" count="20" type="stmt"/>
        <line num="28" count="20" type="stmt"/>
        <line num="29" count="20" type="stmt"/>
        <line num="30" count="20" type="stmt"/>
        <line num="33" count="33" type="stmt"/>
        <line num="34" count="22" type="stmt"/>
        <line num="35" count="22" type="stmt"/>
        <line num="36" count="22" type="stmt"/>
        <line num="37" count="22" type="stmt"/>
        <line num="38" count="22" type="cond" truecount="1" falsecount="1"/>
        <line num="41" count="22" type="stmt"/>
        <line num="44" count="33" type="stmt"/>
        <line num="45" count="21" type="stmt"/>
        <line num="46" count="21" type="stmt"/>
        <line num="47" count="21" type="stmt"/>
        <line num="48" count="21" type="cond" truecount="2" falsecount="0"/>
        <line num="51" count="21" type="stmt"/>
        <line num="54" count="33" type="stmt"/>
        <line num="55" count="13" type="stmt"/>
        <line num="61" count="13" type="stmt"/>
        <line num="62" count="13" type="stmt"/>
        <line num="65" count="8" type="stmt"/>
        <line num="66" count="6" type="stmt"/>
        <line num="70" count="5" type="stmt"/>
        <line num="72" count="5" type="cond" truecount="4" falsecount="0"/>
        <line num="73" count="4" type="stmt"/>
        <line num="76" count="5" type="stmt"/>
        <line num="81" count="140" type="stmt"/>
        <line num="141" count="2" type="stmt"/>
        <line num="144" count="1" type="stmt"/>
        <line num="145" count="1" type="stmt"/>
        <line num="153" count="2" type="stmt"/>
        <line num="154" count="4" type="stmt"/>
        <line num="156" count="1" type="stmt"/>
      </file>
    </package>
    <package name="src.redux">
      <metrics statements="31" coveredstatements="31" conditionals="10" coveredconditionals="7" methods="10" coveredmethods="10"/>
      <file name="authActions.js" path="/Users/paulo.kinjo/Documents/Projects/Java/hoaxify/frontend/src/redux/authActions.js">
        <metrics statements="11" coveredstatements="11" conditionals="0" coveredconditionals="0" methods="7" coveredmethods="7"/>
        <line num="3" count="3" type="stmt"/>
        <line num="4" count="4" type="stmt"/>
        <line num="10" count="3" type="stmt"/>
        <line num="11" count="4" type="stmt"/>
        <line num="12" count="4" type="stmt"/>
        <line num="13" count="4" type="stmt"/>
        <line num="20" count="4" type="stmt"/>
        <line num="25" count="3" type="stmt"/>
        <line num="26" count="1" type="stmt"/>
        <line num="27" count="1" type="stmt"/>
        <line num="28" count="1" type="stmt"/>
      </file>
      <file name="authReducer.js" path="/Users/paulo.kinjo/Documents/Projects/Java/hoaxify/frontend/src/redux/authReducer.js">
        <metrics statements="7" coveredstatements="7" conditionals="5" coveredconditionals="4" methods="1" coveredmethods="1"/>
        <line num="1" count="2" type="stmt"/>
        <line num="9" count="2" type="cond" truecount="0" falsecount="1"/>
        <line num="10" count="34" type="cond" truecount="2" falsecount="0"/>
        <line num="11" count="3" type="stmt"/>
        <line num="12" count="31" type="cond" truecount="2" falsecount="0"/>
        <line num="13" count="4" type="stmt"/>
        <line num="18" count="27" type="stmt"/>
      </file>
      <file name="configureStore.js" path="/Users/paulo.kinjo/Documents/Projects/Java/hoaxify/frontend/src/redux/configureStore.js">
        <metrics statements="13" coveredstatements="13" conditionals="5" coveredconditionals="3" methods="2" coveredmethods="2"/>
        <line num="9" count="1" type="cond" truecount="0" falsecount="1"/>
        <line num="10" count="19" type="stmt"/>
        <line num="11" count="19" type="stmt"/>
        <line num="20" count="19" type="cond" truecount="2" falsecount="0"/>
        <line num="21" count="3" type="stmt"/>
        <line num="22" count="3" type="stmt"/>
        <line num="23" count="3" type="stmt"/>
        <line num="27" count="19" type="cond" truecount="1" falsecount="1"/>
        <line num="30" count="19" type="stmt"/>
        <line num="32" count="19" type="stmt"/>
        <line num="33" count="5" type="stmt"/>
        <line num="34" count="5" type="stmt"/>
        <line num="37" count="19" type="stmt"/>
      </file>
    </package>
  </project>
</coverage>
