<?xml version="1.0" encoding="UTF-8"?>
<coverage generated="1616852885469" clover="3.2.0">
  <project timestamp="1616852885469" name="All files">
    <metrics statements="67" coveredstatements="64" conditionals="30" coveredconditionals="28" methods="21" coveredmethods="21" elements="118" coveredelements="113" complexity="0" loc="67" ncloc="67" packages="4" files="5" classes="5"/>
    <package name="src">
      <metrics statements="3" coveredstatements="0" conditionals="0" coveredconditionals="0" methods="0" coveredmethods="0"/>
      <file name="index.js" path="/Users/paulo.kinjo/Documents/Projects/Java/hoaxify/frontend/src/index.js">
        <metrics statements="3" coveredstatements="0" conditionals="0" coveredconditionals="0" methods="0" coveredmethods="0"/>
        <line num="9" count="0" type="stmt"/>
        <line num="13" count="0" type="stmt"/>
        <line num="23" count="0" type="stmt"/>
      </file>
    </package>
    <package name="src.api">
      <metrics statements="4" coveredstatements="4" conditionals="0" coveredconditionals="0" methods="2" coveredmethods="2"/>
      <file name="apiCalls.js" path="/Users/paulo.kinjo/Documents/Projects/Java/hoaxify/frontend/src/api/apiCalls.js">
        <metrics statements="4" coveredstatements="4" conditionals="0" coveredconditionals="0" methods="2" coveredmethods="2"/>
        <line num="3" count="1" type="stmt"/>
        <line num="4" count="1" type="stmt"/>
        <line num="7" count="1" type="stmt"/>
        <line num="8" count="1" type="stmt"/>
      </file>
    </package>
    <package name="src.components">
      <metrics statements="2" coveredstatements="2" conditionals="2" coveredconditionals="2" methods="1" coveredmethods="1"/>
      <file name="ButtonWithProgress.js" path="/Users/paulo.kinjo/Documents/Projects/Java/hoaxify/frontend/src/components/ButtonWithProgress.js">
        <metrics statements="2" coveredstatements="2" conditionals="2" coveredconditionals="2" methods="1" coveredmethods="1"/>
        <line num="3" count="2" type="stmt"/>
        <line num="4" count="197" type="stmt"/>
      </file>
    </package>
    <package name="src.pages">
      <metrics statements="58" coveredstatements="58" conditionals="28" coveredconditionals="26" methods="18" coveredmethods="18"/>
      <file name="LoginPage.js" path="/Users/paulo.kinjo/Documents/Projects/Java/hoaxify/frontend/src/pages/LoginPage.js">
        <metrics statements="21" coveredstatements="21" conditionals="10" coveredconditionals="9" methods="8" coveredmethods="8"/>
        <line num="6" count="20" type="stmt"/>
        <line num="13" count="20" type="stmt"/>
        <line num="14" count="16" type="stmt"/>
        <line num="15" count="16" type="stmt"/>
        <line num="21" count="20" type="stmt"/>
        <line num="22" count="16" type="stmt"/>
        <line num="23" count="16" type="stmt"/>
        <line num="29" count="20" type="stmt"/>
        <line num="30" count="10" type="stmt"/>
        <line num="35" count="10" type="stmt"/>
        <line num="37" count="10" type="stmt"/>
        <line num="40" count="6" type="stmt"/>
        <line num="43" count="4" type="cond" truecount="1" falsecount="1"/>
        <line num="44" count="4" type="stmt"/>
        <line num="47" count="4" type="stmt"/>
        <line num="52" count="74" type="stmt"/>
        <line num="53" count="74" type="cond" truecount="4" falsecount="0"/>
        <line num="54" count="37" type="stmt"/>
        <line num="57" count="74" type="stmt"/>
        <line num="98" count="1" type="stmt"/>
        <line num="100" count="1" type="stmt"/>
      </file>
      <file name="UserSignupPage.js" path="/Users/paulo.kinjo/Documents/Projects/Java/hoaxify/frontend/src/pages/UserSignupPage.js">
        <metrics statements="37" coveredstatements="37" conditionals="18" coveredconditionals="17" methods="10" coveredmethods="10"/>
        <line num="6" count="28" type="stmt"/>
        <line num="16" count="28" type="stmt"/>
        <line num="17" count="18" type="stmt"/>
        <line num="18" count="18" type="stmt"/>
        <line num="19" count="18" type="stmt"/>
        <line num="20" count="18" type="stmt"/>
        <line num="23" count="28" type="stmt"/>
        <line num="24" count="18" type="stmt"/>
        <line num="25" count="18" type="stmt"/>
        <line num="26" count="18" type="stmt"/>
        <line num="27" count="18" type="stmt"/>
        <line num="30" count="28" type="stmt"/>
        <line num="31" count="20" type="stmt"/>
        <line num="32" count="20" type="stmt"/>
        <line num="33" count="20" type="stmt"/>
        <line num="34" count="20" type="stmt"/>
        <line num="35" count="20" type="cond" truecount="1" falsecount="1"/>
        <line num="38" count="20" type="stmt"/>
        <line num="41" count="28" type="stmt"/>
        <line num="42" count="19" type="stmt"/>
        <line num="43" count="19" type="stmt"/>
        <line num="44" count="19" type="stmt"/>
        <line num="45" count="19" type="cond" truecount="2" falsecount="0"/>
        <line num="48" count="19" type="stmt"/>
        <line num="51" count="28" type="stmt"/>
        <line num="52" count="11" type="stmt"/>
        <line num="58" count="11" type="stmt"/>
        <line num="59" count="11" type="stmt"/>
        <line num="62" count="6" type="stmt"/>
        <line num="65" count="5" type="stmt"/>
        <line num="67" count="5" type="cond" truecount="4" falsecount="0"/>
        <line num="68" count="4" type="stmt"/>
        <line num="71" count="5" type="stmt"/>
        <line num="76" count="123" type="stmt"/>
        <line num="136" count="1" type="stmt"/>
        <line num="139" count="1" type="stmt"/>
        <line num="140" count="1" type="stmt"/>
      </file>
    </package>
  </project>
</coverage>
