{"/Users/paulo.kinjo/Documents/Projects/Java/hoaxify/frontend/src/index.js": {"path":"/Users/paulo.kinjo/Documents/Projects/Java/hoaxify/frontend/src/index.js","statementMap":{"0":{"start":{"line":9,"column":16},"end":{"line":11,"column":1}},"1":{"start":{"line":13,"column":0},"end":{"line":18,"column":2}},"2":{"start":{"line":23,"column":0},"end":{"line":23,"column":18}}},"fnMap":{},"branchMap":{},"s":{"0":0,"1":0,"2":0},"f":{},"b":{}}
,"/Users/paulo.kinjo/Documents/Projects/Java/hoaxify/frontend/src/api/apiCalls.js": {"path":"/Users/paulo.kinjo/Documents/Projects/Java/hoaxify/frontend/src/api/apiCalls.js","statementMap":{"0":{"start":{"line":3,"column":22},"end":{"line":5,"column":1}},"1":{"start":{"line":4,"column":2},"end":{"line":4,"column":44}},"2":{"start":{"line":7,"column":21},"end":{"line":9,"column":1}},"3":{"start":{"line":8,"column":2},"end":{"line":8,"column":58}}},"fnMap":{"0":{"name":"(anonymous_0)","decl":{"start":{"line":3,"column":22},"end":{"line":3,"column":23}},"loc":{"start":{"line":3,"column":32},"end":{"line":5,"column":1}},"line":3},"1":{"name":"(anonymous_1)","decl":{"start":{"line":7,"column":21},"end":{"line":7,"column":22}},"loc":{"start":{"line":7,"column":31},"end":{"line":9,"column":1}},"line":7}},"branchMap":{},"s":{"0":1,"1":1,"2":1,"3":1},"f":{"0":1,"1":1},"b":{},"_coverageSchema":"1a1c01bbd47fc00a2c39e90264f33305004495a9","hash":"a1167113bd3360b39d276285d4b4743ece7c1830"}
,"/Users/paulo.kinjo/Documents/Projects/Java/hoaxify/frontend/src/components/ButtonWithProgress.js": {"path":"/Users/paulo.kinjo/Documents/Projects/Java/hoaxify/frontend/src/components/ButtonWithProgress.js","statementMap":{"0":{"start":{"line":3,"column":27},"end":{"line":18,"column":1}},"1":{"start":{"line":4,"column":2},"end":{"line":17,"column":4}}},"fnMap":{"0":{"name":"(anonymous_0)","decl":{"start":{"line":3,"column":27},"end":{"line":3,"column":28}},"loc":{"start":{"line":3,"column":38},"end":{"line":18,"column":1}},"line":3}},"branchMap":{"0":{"loc":{"start":{"line":10,"column":7},"end":{"line":14,"column":7}},"type":"binary-expr","locations":[{"start":{"line":10,"column":7},"end":{"line":10,"column":27}},{"start":{"line":11,"column":8},"end":{"line":13,"column":14}}],"line":10}},"s":{"0":2,"1":197},"f":{"0":197},"b":{"0":[197,25]},"_coverageSchema":"1a1c01bbd47fc00a2c39e90264f33305004495a9","hash":"6697e98dedd69c7c1a7c3e04b269498b2299dbdf"}
,"/Users/paulo.kinjo/Documents/Projects/Java/hoaxify/frontend/src/pages/LoginPage.js": {"path":"/Users/paulo.kinjo/Documents/Projects/Java/hoaxify/frontend/src/pages/LoginPage.js","statementMap":{"0":{"start":{"line":6,"column":10},"end":{"line":11,"column":3}},"1":{"start":{"line":13,"column":21},"end":{"line":19,"column":3}},"2":{"start":{"line":14,"column":18},"end":{"line":14,"column":36}},"3":{"start":{"line":15,"column":4},"end":{"line":18,"column":7}},"4":{"start":{"line":21,"column":21},"end":{"line":27,"column":3}},"5":{"start":{"line":22,"column":18},"end":{"line":22,"column":36}},"6":{"start":{"line":23,"column":4},"end":{"line":26,"column":7}},"7":{"start":{"line":29,"column":17},"end":{"line":49,"column":3}},"8":{"start":{"line":30,"column":17},"end":{"line":33,"column":5}},"9":{"start":{"line":35,"column":4},"end":{"line":35,"column":44}},"10":{"start":{"line":37,"column":4},"end":{"line":48,"column":9}},"11":{"start":{"line":40,"column":8},"end":{"line":40,"column":49}},"12":{"start":{"line":43,"column":8},"end":{"line":45,"column":9}},"13":{"start":{"line":44,"column":10},"end":{"line":44,"column":67}},"14":{"start":{"line":47,"column":8},"end":{"line":47,"column":49}},"15":{"start":{"line":52,"column":24},"end":{"line":52,"column":29}},"16":{"start":{"line":53,"column":4},"end":{"line":55,"column":5}},"17":{"start":{"line":54,"column":6},"end":{"line":54,"column":27}},"18":{"start":{"line":57,"column":4},"end":{"line":94,"column":6}},"19":{"start":{"line":98,"column":0},"end":{"line":102,"column":2}},"20":{"start":{"line":100,"column":21},"end":{"line":100,"column":66}},"21":{"start":{"line":100,"column":54},"end":{"line":100,"column":65}}},"fnMap":{"0":{"name":"(anonymous_0)","decl":{"start":{"line":13,"column":21},"end":{"line":13,"column":22}},"loc":{"start":{"line":13,"column":32},"end":{"line":19,"column":3}},"line":13},"1":{"name":"(anonymous_1)","decl":{"start":{"line":21,"column":21},"end":{"line":21,"column":22}},"loc":{"start":{"line":21,"column":32},"end":{"line":27,"column":3}},"line":21},"2":{"name":"(anonymous_2)","decl":{"start":{"line":29,"column":17},"end":{"line":29,"column":18}},"loc":{"start":{"line":29,"column":23},"end":{"line":49,"column":3}},"line":29},"3":{"name":"(anonymous_3)","decl":{"start":{"line":39,"column":12},"end":{"line":39,"column":13}},"loc":{"start":{"line":39,"column":26},"end":{"line":41,"column":7}},"line":39},"4":{"name":"(anonymous_4)","decl":{"start":{"line":42,"column":13},"end":{"line":42,"column":14}},"loc":{"start":{"line":42,"column":24},"end":{"line":48,"column":7}},"line":42},"5":{"name":"(anonymous_5)","decl":{"start":{"line":51,"column":2},"end":{"line":51,"column":3}},"loc":{"start":{"line":51,"column":11},"end":{"line":95,"column":3}},"line":51},"6":{"name":"(anonymous_6)","decl":{"start":{"line":100,"column":15},"end":{"line":100,"column":16}},"loc":{"start":{"line":100,"column":21},"end":{"line":100,"column":66}},"line":100},"7":{"name":"(anonymous_7)","decl":{"start":{"line":100,"column":33},"end":{"line":100,"column":34}},"loc":{"start":{"line":100,"column":54},"end":{"line":100,"column":65}},"line":100}},"branchMap":{"0":{"loc":{"start":{"line":43,"column":8},"end":{"line":45,"column":9}},"type":"if","locations":[{"start":{"line":43,"column":8},"end":{"line":45,"column":9}},{"start":{"line":43,"column":8},"end":{"line":45,"column":9}}],"line":43},"1":{"loc":{"start":{"line":53,"column":4},"end":{"line":55,"column":5}},"type":"if","locations":[{"start":{"line":53,"column":4},"end":{"line":55,"column":5}},{"start":{"line":53,"column":4},"end":{"line":55,"column":5}}],"line":53},"2":{"loc":{"start":{"line":53,"column":8},"end":{"line":53,"column":64}},"type":"binary-expr","locations":[{"start":{"line":53,"column":8},"end":{"line":53,"column":34}},{"start":{"line":53,"column":38},"end":{"line":53,"column":64}}],"line":53},"3":{"loc":{"start":{"line":79,"column":9},"end":{"line":83,"column":9}},"type":"binary-expr","locations":[{"start":{"line":79,"column":9},"end":{"line":79,"column":28}},{"start":{"line":80,"column":10},"end":{"line":82,"column":16}}],"line":79},"4":{"loc":{"start":{"line":88,"column":22},"end":{"line":88,"column":64}},"type":"binary-expr","locations":[{"start":{"line":88,"column":22},"end":{"line":88,"column":35}},{"start":{"line":88,"column":39},"end":{"line":88,"column":64}}],"line":88}},"s":{"0":20,"1":20,"2":16,"3":16,"4":20,"5":16,"6":16,"7":20,"8":10,"9":10,"10":10,"11":6,"12":4,"13":4,"14":4,"15":74,"16":74,"17":37,"18":74,"19":1,"20":1,"21":1},"f":{"0":16,"1":16,"2":10,"3":6,"4":4,"5":74,"6":1,"7":1},"b":{"0":[4,0],"1":[37,37],"2":[74,52],"3":[74,6],"4":[74,37]},"_coverageSchema":"1a1c01bbd47fc00a2c39e90264f33305004495a9","hash":"ee55ca98259f0508687ee34c4eef58d5cf79000f"}
,"/Users/paulo.kinjo/Documents/Projects/Java/hoaxify/frontend/src/pages/UserSignupPage.js": {"path":"/Users/paulo.kinjo/Documents/Projects/Java/hoaxify/frontend/src/pages/UserSignupPage.js","statementMap":{"0":{"start":{"line":6,"column":10},"end":{"line":14,"column":3}},"1":{"start":{"line":16,"column":24},"end":{"line":21,"column":3}},"2":{"start":{"line":17,"column":18},"end":{"line":17,"column":36}},"3":{"start":{"line":18,"column":19},"end":{"line":18,"column":43}},"4":{"start":{"line":19,"column":4},"end":{"line":19,"column":30}},"5":{"start":{"line":20,"column":4},"end":{"line":20,"column":50}},"6":{"start":{"line":23,"column":21},"end":{"line":28,"column":3}},"7":{"start":{"line":24,"column":18},"end":{"line":24,"column":36}},"8":{"start":{"line":25,"column":19},"end":{"line":25,"column":43}},"9":{"start":{"line":26,"column":4},"end":{"line":26,"column":27}},"10":{"start":{"line":27,"column":4},"end":{"line":27,"column":47}},"11":{"start":{"line":30,"column":21},"end":{"line":39,"column":3}},"12":{"start":{"line":31,"column":18},"end":{"line":31,"column":36}},"13":{"start":{"line":32,"column":36},"end":{"line":32,"column":71}},"14":{"start":{"line":33,"column":19},"end":{"line":33,"column":43}},"15":{"start":{"line":34,"column":4},"end":{"line":34,"column":27}},"16":{"start":{"line":35,"column":4},"end":{"line":37,"column":37}},"17":{"start":{"line":38,"column":4},"end":{"line":38,"column":72}},"18":{"start":{"line":41,"column":27},"end":{"line":49,"column":3}},"19":{"start":{"line":42,"column":18},"end":{"line":42,"column":36}},"20":{"start":{"line":43,"column":36},"end":{"line":43,"column":65}},"21":{"start":{"line":44,"column":19},"end":{"line":44,"column":43}},"22":{"start":{"line":45,"column":4},"end":{"line":47,"column":37}},"23":{"start":{"line":48,"column":4},"end":{"line":48,"column":78}},"24":{"start":{"line":51,"column":18},"end":{"line":73,"column":3}},"25":{"start":{"line":52,"column":17},"end":{"line":56,"column":5}},"26":{"start":{"line":58,"column":4},"end":{"line":58,"column":44}},"27":{"start":{"line":59,"column":4},"end":{"line":72,"column":9}},"28":{"start":{"line":62,"column":8},"end":{"line":62,"column":49}},"29":{"start":{"line":65,"column":21},"end":{"line":65,"column":45}},"30":{"start":{"line":67,"column":8},"end":{"line":69,"column":9}},"31":{"start":{"line":68,"column":10},"end":{"line":68,"column":66}},"32":{"start":{"line":71,"column":8},"end":{"line":71,"column":57}},"33":{"start":{"line":76,"column":4},"end":{"line":132,"column":6}},"34":{"start":{"line":136,"column":0},"end":{"line":143,"column":2}},"35":{"start":{"line":139,"column":6},"end":{"line":141,"column":8}},"36":{"start":{"line":140,"column":8},"end":{"line":140,"column":20}}},"fnMap":{"0":{"name":"(anonymous_0)","decl":{"start":{"line":16,"column":24},"end":{"line":16,"column":25}},"loc":{"start":{"line":16,"column":35},"end":{"line":21,"column":3}},"line":16},"1":{"name":"(anonymous_1)","decl":{"start":{"line":23,"column":21},"end":{"line":23,"column":22}},"loc":{"start":{"line":23,"column":32},"end":{"line":28,"column":3}},"line":23},"2":{"name":"(anonymous_2)","decl":{"start":{"line":30,"column":21},"end":{"line":30,"column":22}},"loc":{"start":{"line":30,"column":32},"end":{"line":39,"column":3}},"line":30},"3":{"name":"(anonymous_3)","decl":{"start":{"line":41,"column":27},"end":{"line":41,"column":28}},"loc":{"start":{"line":41,"column":38},"end":{"line":49,"column":3}},"line":41},"4":{"name":"(anonymous_4)","decl":{"start":{"line":51,"column":18},"end":{"line":51,"column":19}},"loc":{"start":{"line":51,"column":24},"end":{"line":73,"column":3}},"line":51},"5":{"name":"(anonymous_5)","decl":{"start":{"line":61,"column":12},"end":{"line":61,"column":13}},"loc":{"start":{"line":61,"column":26},"end":{"line":63,"column":7}},"line":61},"6":{"name":"(anonymous_6)","decl":{"start":{"line":64,"column":13},"end":{"line":64,"column":14}},"loc":{"start":{"line":64,"column":27},"end":{"line":72,"column":7}},"line":64},"7":{"name":"(anonymous_7)","decl":{"start":{"line":75,"column":2},"end":{"line":75,"column":3}},"loc":{"start":{"line":75,"column":11},"end":{"line":133,"column":3}},"line":75},"8":{"name":"(anonymous_8)","decl":{"start":{"line":138,"column":16},"end":{"line":138,"column":17}},"loc":{"start":{"line":139,"column":6},"end":{"line":141,"column":8}},"line":139},"9":{"name":"(anonymous_9)","decl":{"start":{"line":139,"column":18},"end":{"line":139,"column":19}},"loc":{"start":{"line":139,"column":39},"end":{"line":141,"column":7}},"line":139}},"branchMap":{"0":{"loc":{"start":{"line":35,"column":28},"end":{"line":37,"column":36}},"type":"cond-expr","locations":[{"start":{"line":36,"column":8},"end":{"line":36,"column":10}},{"start":{"line":37,"column":8},"end":{"line":37,"column":36}}],"line":35},"1":{"loc":{"start":{"line":45,"column":28},"end":{"line":47,"column":36}},"type":"cond-expr","locations":[{"start":{"line":46,"column":8},"end":{"line":46,"column":10}},{"start":{"line":47,"column":8},"end":{"line":47,"column":36}}],"line":45},"2":{"loc":{"start":{"line":67,"column":8},"end":{"line":69,"column":9}},"type":"if","locations":[{"start":{"line":67,"column":8},"end":{"line":69,"column":9}},{"start":{"line":67,"column":8},"end":{"line":69,"column":9}}],"line":67},"3":{"loc":{"start":{"line":67,"column":12},"end":{"line":67,"column":77}},"type":"binary-expr","locations":[{"start":{"line":67,"column":12},"end":{"line":67,"column":34}},{"start":{"line":67,"column":38},"end":{"line":67,"column":77}}],"line":67},"4":{"loc":{"start":{"line":85,"column":22},"end":{"line":85,"column":59}},"type":"binary-expr","locations":[{"start":{"line":85,"column":22},"end":{"line":85,"column":51}},{"start":{"line":85,"column":55},"end":{"line":85,"column":59}}],"line":85},"5":{"loc":{"start":{"line":95,"column":22},"end":{"line":95,"column":56}},"type":"binary-expr","locations":[{"start":{"line":95,"column":22},"end":{"line":95,"column":48}},{"start":{"line":95,"column":52},"end":{"line":95,"column":56}}],"line":95},"6":{"loc":{"start":{"line":106,"column":22},"end":{"line":106,"column":56}},"type":"binary-expr","locations":[{"start":{"line":106,"column":22},"end":{"line":106,"column":48}},{"start":{"line":106,"column":52},"end":{"line":106,"column":56}}],"line":106},"7":{"loc":{"start":{"line":117,"column":22},"end":{"line":117,"column":62}},"type":"binary-expr","locations":[{"start":{"line":117,"column":22},"end":{"line":117,"column":54}},{"start":{"line":117,"column":58},"end":{"line":117,"column":62}}],"line":117},"8":{"loc":{"start":{"line":125,"column":14},"end":{"line":125,"column":78}},"type":"binary-expr","locations":[{"start":{"line":125,"column":14},"end":{"line":125,"column":39}},{"start":{"line":125,"column":43},"end":{"line":125,"column":78}}],"line":125}},"s":{"0":28,"1":28,"2":18,"3":18,"4":18,"5":18,"6":28,"7":18,"8":18,"9":18,"10":18,"11":28,"12":20,"13":20,"14":20,"15":20,"16":20,"17":20,"18":28,"19":19,"20":19,"21":19,"22":19,"23":19,"24":28,"25":11,"26":11,"27":11,"28":6,"29":5,"30":5,"31":4,"32":5,"33":123,"34":1,"35":1,"36":1},"f":{"0":18,"1":18,"2":20,"3":19,"4":11,"5":6,"6":5,"7":123,"8":1,"9":1},"b":{"0":[0,20],"1":[16,3],"2":[4,1],"3":[5,5],"4":[123,2],"5":[123,1],"6":[123,1],"7":[123,23],"8":[123,112]},"_coverageSchema":"1a1c01bbd47fc00a2c39e90264f33305004495a9","hash":"062706fb8681f8075487abc096c0b2eba4c763c9"}
}
