{"/Users/paulo.kinjo/Documents/Projects/Java/hoaxify/frontend/src/index.js": {"path":"/Users/paulo.kinjo/Documents/Projects/Java/hoaxify/frontend/src/index.js","statementMap":{"0":{"start":{"line":9,"column":0},"end":{"line":14,"column":2}},"1":{"start":{"line":19,"column":0},"end":{"line":19,"column":18}}},"fnMap":{},"branchMap":{},"s":{"0":0,"1":0},"f":{},"b":{}}
,"/Users/paulo.kinjo/Documents/Projects/Java/hoaxify/frontend/src/components/TopBar.js": {"path":"/Users/paulo.kinjo/Documents/Projects/Java/hoaxify/frontend/src/components/TopBar.js","statementMap":{"0":{"start":{"line":7,"column":4},"end":{"line":30,"column":6}}},"fnMap":{"0":{"name":"(anonymous_0)","decl":{"start":{"line":6,"column":2},"end":{"line":6,"column":3}},"loc":{"start":{"line":6,"column":11},"end":{"line":31,"column":3}},"line":6}},"branchMap":{},"s":{"0":16},"f":{"0":16},"b":{},"_coverageSchema":"1a1c01bbd47fc00a2c39e90264f33305004495a9","hash":"803385f194a13d55fa59a977bb56d567c9d645c7"}
,"/Users/paulo.kinjo/Documents/Projects/Java/hoaxify/frontend/src/containers/App.js": {"path":"/Users/paulo.kinjo/Documents/Projects/Java/hoaxify/frontend/src/containers/App.js","statementMap":{"0":{"start":{"line":12,"column":16},"end":{"line":15,"column":1}},"1":{"start":{"line":17,"column":12},"end":{"line":39,"column":1}},"2":{"start":{"line":18,"column":2},"end":{"line":38,"column":4}},"3":{"start":{"line":26,"column":34},"end":{"line":26,"column":76}},"4":{"start":{"line":31,"column":14},"end":{"line":31,"column":61}}},"fnMap":{"0":{"name":"(anonymous_0)","decl":{"start":{"line":17,"column":12},"end":{"line":17,"column":13}},"loc":{"start":{"line":17,"column":18},"end":{"line":39,"column":1}},"line":17},"1":{"name":"(anonymous_1)","decl":{"start":{"line":26,"column":23},"end":{"line":26,"column":24}},"loc":{"start":{"line":26,"column":34},"end":{"line":26,"column":76}},"line":26},"2":{"name":"(anonymous_2)","decl":{"start":{"line":30,"column":23},"end":{"line":30,"column":24}},"loc":{"start":{"line":31,"column":14},"end":{"line":31,"column":61}},"line":31}},"branchMap":{},"s":{"0":1,"1":1,"2":12,"3":5,"4":3},"f":{"0":12,"1":5,"2":3},"b":{},"_coverageSchema":"1a1c01bbd47fc00a2c39e90264f33305004495a9","hash":"91741aecf38895b010a7bfd4aaa72cbf8b59b1be"}
,"/Users/paulo.kinjo/Documents/Projects/Java/hoaxify/frontend/src/pages/HomePage.js": {"path":"/Users/paulo.kinjo/Documents/Projects/Java/hoaxify/frontend/src/pages/HomePage.js","statementMap":{"0":{"start":{"line":5,"column":4},"end":{"line":5,"column":54}}},"fnMap":{"0":{"name":"(anonymous_0)","decl":{"start":{"line":4,"column":2},"end":{"line":4,"column":3}},"loc":{"start":{"line":4,"column":11},"end":{"line":6,"column":3}},"line":4}},"branchMap":{},"s":{"0":6},"f":{"0":6},"b":{},"_coverageSchema":"1a1c01bbd47fc00a2c39e90264f33305004495a9","hash":"538fd45354410784a4df935467ff1c60217ba02d"}
,"/Users/paulo.kinjo/Documents/Projects/Java/hoaxify/frontend/src/pages/LoginPage.js": {"path":"/Users/paulo.kinjo/Documents/Projects/Java/hoaxify/frontend/src/pages/LoginPage.js","statementMap":{"0":{"start":{"line":6,"column":10},"end":{"line":11,"column":3}},"1":{"start":{"line":13,"column":21},"end":{"line":19,"column":3}},"2":{"start":{"line":14,"column":18},"end":{"line":14,"column":36}},"3":{"start":{"line":15,"column":4},"end":{"line":18,"column":7}},"4":{"start":{"line":21,"column":21},"end":{"line":27,"column":3}},"5":{"start":{"line":22,"column":18},"end":{"line":22,"column":36}},"6":{"start":{"line":23,"column":4},"end":{"line":26,"column":7}},"7":{"start":{"line":29,"column":17},"end":{"line":51,"column":3}},"8":{"start":{"line":30,"column":17},"end":{"line":33,"column":5}},"9":{"start":{"line":35,"column":4},"end":{"line":35,"column":44}},"10":{"start":{"line":37,"column":4},"end":{"line":50,"column":9}},"11":{"start":{"line":40,"column":8},"end":{"line":42,"column":11}},"12":{"start":{"line":41,"column":10},"end":{"line":41,"column":39}},"13":{"start":{"line":45,"column":8},"end":{"line":47,"column":9}},"14":{"start":{"line":46,"column":10},"end":{"line":46,"column":67}},"15":{"start":{"line":49,"column":8},"end":{"line":49,"column":49}},"16":{"start":{"line":54,"column":24},"end":{"line":54,"column":29}},"17":{"start":{"line":55,"column":4},"end":{"line":57,"column":5}},"18":{"start":{"line":56,"column":6},"end":{"line":56,"column":27}},"19":{"start":{"line":59,"column":4},"end":{"line":96,"column":6}},"20":{"start":{"line":100,"column":0},"end":{"line":104,"column":2}},"21":{"start":{"line":102,"column":21},"end":{"line":102,"column":66}},"22":{"start":{"line":102,"column":54},"end":{"line":102,"column":65}}},"fnMap":{"0":{"name":"(anonymous_0)","decl":{"start":{"line":13,"column":21},"end":{"line":13,"column":22}},"loc":{"start":{"line":13,"column":32},"end":{"line":19,"column":3}},"line":13},"1":{"name":"(anonymous_1)","decl":{"start":{"line":21,"column":21},"end":{"line":21,"column":22}},"loc":{"start":{"line":21,"column":32},"end":{"line":27,"column":3}},"line":21},"2":{"name":"(anonymous_2)","decl":{"start":{"line":29,"column":17},"end":{"line":29,"column":18}},"loc":{"start":{"line":29,"column":23},"end":{"line":51,"column":3}},"line":29},"3":{"name":"(anonymous_3)","decl":{"start":{"line":39,"column":12},"end":{"line":39,"column":13}},"loc":{"start":{"line":39,"column":26},"end":{"line":43,"column":7}},"line":39},"4":{"name":"(anonymous_4)","decl":{"start":{"line":40,"column":49},"end":{"line":40,"column":50}},"loc":{"start":{"line":40,"column":55},"end":{"line":42,"column":9}},"line":40},"5":{"name":"(anonymous_5)","decl":{"start":{"line":44,"column":13},"end":{"line":44,"column":14}},"loc":{"start":{"line":44,"column":24},"end":{"line":50,"column":7}},"line":44},"6":{"name":"(anonymous_6)","decl":{"start":{"line":53,"column":2},"end":{"line":53,"column":3}},"loc":{"start":{"line":53,"column":11},"end":{"line":97,"column":3}},"line":53},"7":{"name":"(anonymous_7)","decl":{"start":{"line":102,"column":15},"end":{"line":102,"column":16}},"loc":{"start":{"line":102,"column":21},"end":{"line":102,"column":66}},"line":102},"8":{"name":"(anonymous_8)","decl":{"start":{"line":102,"column":33},"end":{"line":102,"column":34}},"loc":{"start":{"line":102,"column":54},"end":{"line":102,"column":65}},"line":102}},"branchMap":{"0":{"loc":{"start":{"line":45,"column":8},"end":{"line":47,"column":9}},"type":"if","locations":[{"start":{"line":45,"column":8},"end":{"line":47,"column":9}},{"start":{"line":45,"column":8},"end":{"line":47,"column":9}}],"line":45},"1":{"loc":{"start":{"line":55,"column":4},"end":{"line":57,"column":5}},"type":"if","locations":[{"start":{"line":55,"column":4},"end":{"line":57,"column":5}},{"start":{"line":55,"column":4},"end":{"line":57,"column":5}}],"line":55},"2":{"loc":{"start":{"line":55,"column":8},"end":{"line":55,"column":64}},"type":"binary-expr","locations":[{"start":{"line":55,"column":8},"end":{"line":55,"column":34}},{"start":{"line":55,"column":38},"end":{"line":55,"column":64}}],"line":55},"3":{"loc":{"start":{"line":81,"column":9},"end":{"line":85,"column":9}},"type":"binary-expr","locations":[{"start":{"line":81,"column":9},"end":{"line":81,"column":28}},{"start":{"line":82,"column":10},"end":{"line":84,"column":16}}],"line":81},"4":{"loc":{"start":{"line":90,"column":22},"end":{"line":90,"column":64}},"type":"binary-expr","locations":[{"start":{"line":90,"column":22},"end":{"line":90,"column":35}},{"start":{"line":90,"column":39},"end":{"line":90,"column":64}}],"line":90}},"s":{"0":26,"1":26,"2":17,"3":17,"4":26,"5":17,"6":17,"7":26,"8":11,"9":11,"10":11,"11":7,"12":5,"13":8,"14":4,"15":8,"16":84,"17":84,"18":44,"19":84,"20":2,"21":1,"22":1},"f":{"0":17,"1":17,"2":11,"3":7,"4":5,"5":8,"6":84,"7":1,"8":1},"b":{"0":[4,4],"1":[44,40],"2":[84,56],"3":[84,6],"4":[84,40]},"_coverageSchema":"1a1c01bbd47fc00a2c39e90264f33305004495a9","hash":"62bd903d9d7d333aba3a8e6ccbc128c87a4b15a5"}
,"/Users/paulo.kinjo/Documents/Projects/Java/hoaxify/frontend/src/pages/UserPage.js": {"path":"/Users/paulo.kinjo/Documents/Projects/Java/hoaxify/frontend/src/pages/UserPage.js","statementMap":{"0":{"start":{"line":5,"column":4},"end":{"line":5,"column":54}}},"fnMap":{"0":{"name":"(anonymous_0)","decl":{"start":{"line":4,"column":2},"end":{"line":4,"column":3}},"loc":{"start":{"line":4,"column":11},"end":{"line":6,"column":3}},"line":4}},"branchMap":{},"s":{"0":3},"f":{"0":3},"b":{},"_coverageSchema":"1a1c01bbd47fc00a2c39e90264f33305004495a9","hash":"bfcc5bc68c830aecfbbd982e2f39186ae15f082d"}
,"/Users/paulo.kinjo/Documents/Projects/Java/hoaxify/frontend/src/pages/UserSignupPage.js": {"path":"/Users/paulo.kinjo/Documents/Projects/Java/hoaxify/frontend/src/pages/UserSignupPage.js","statementMap":{"0":{"start":{"line":6,"column":10},"end":{"line":14,"column":3}},"1":{"start":{"line":16,"column":24},"end":{"line":21,"column":3}},"2":{"start":{"line":17,"column":18},"end":{"line":17,"column":36}},"3":{"start":{"line":18,"column":19},"end":{"line":18,"column":43}},"4":{"start":{"line":19,"column":4},"end":{"line":19,"column":30}},"5":{"start":{"line":20,"column":4},"end":{"line":20,"column":50}},"6":{"start":{"line":23,"column":21},"end":{"line":28,"column":3}},"7":{"start":{"line":24,"column":18},"end":{"line":24,"column":36}},"8":{"start":{"line":25,"column":19},"end":{"line":25,"column":43}},"9":{"start":{"line":26,"column":4},"end":{"line":26,"column":27}},"10":{"start":{"line":27,"column":4},"end":{"line":27,"column":47}},"11":{"start":{"line":30,"column":21},"end":{"line":39,"column":3}},"12":{"start":{"line":31,"column":18},"end":{"line":31,"column":36}},"13":{"start":{"line":32,"column":36},"end":{"line":32,"column":71}},"14":{"start":{"line":33,"column":19},"end":{"line":33,"column":43}},"15":{"start":{"line":34,"column":4},"end":{"line":34,"column":27}},"16":{"start":{"line":35,"column":4},"end":{"line":37,"column":37}},"17":{"start":{"line":38,"column":4},"end":{"line":38,"column":72}},"18":{"start":{"line":41,"column":27},"end":{"line":49,"column":3}},"19":{"start":{"line":42,"column":18},"end":{"line":42,"column":36}},"20":{"start":{"line":43,"column":36},"end":{"line":43,"column":65}},"21":{"start":{"line":44,"column":19},"end":{"line":44,"column":43}},"22":{"start":{"line":45,"column":4},"end":{"line":47,"column":37}},"23":{"start":{"line":48,"column":4},"end":{"line":48,"column":78}},"24":{"start":{"line":51,"column":18},"end":{"line":75,"column":3}},"25":{"start":{"line":52,"column":17},"end":{"line":56,"column":5}},"26":{"start":{"line":58,"column":4},"end":{"line":58,"column":44}},"27":{"start":{"line":59,"column":4},"end":{"line":74,"column":9}},"28":{"start":{"line":62,"column":8},"end":{"line":64,"column":11}},"29":{"start":{"line":63,"column":10},"end":{"line":63,"column":39}},"30":{"start":{"line":67,"column":21},"end":{"line":67,"column":45}},"31":{"start":{"line":69,"column":8},"end":{"line":71,"column":9}},"32":{"start":{"line":70,"column":10},"end":{"line":70,"column":66}},"33":{"start":{"line":73,"column":8},"end":{"line":73,"column":57}},"34":{"start":{"line":78,"column":4},"end":{"line":134,"column":6}},"35":{"start":{"line":138,"column":0},"end":{"line":148,"column":2}},"36":{"start":{"line":141,"column":6},"end":{"line":143,"column":8}},"37":{"start":{"line":142,"column":8},"end":{"line":142,"column":20}}},"fnMap":{"0":{"name":"(anonymous_0)","decl":{"start":{"line":16,"column":24},"end":{"line":16,"column":25}},"loc":{"start":{"line":16,"column":35},"end":{"line":21,"column":3}},"line":16},"1":{"name":"(anonymous_1)","decl":{"start":{"line":23,"column":21},"end":{"line":23,"column":22}},"loc":{"start":{"line":23,"column":32},"end":{"line":28,"column":3}},"line":23},"2":{"name":"(anonymous_2)","decl":{"start":{"line":30,"column":21},"end":{"line":30,"column":22}},"loc":{"start":{"line":30,"column":32},"end":{"line":39,"column":3}},"line":30},"3":{"name":"(anonymous_3)","decl":{"start":{"line":41,"column":27},"end":{"line":41,"column":28}},"loc":{"start":{"line":41,"column":38},"end":{"line":49,"column":3}},"line":41},"4":{"name":"(anonymous_4)","decl":{"start":{"line":51,"column":18},"end":{"line":51,"column":19}},"loc":{"start":{"line":51,"column":24},"end":{"line":75,"column":3}},"line":51},"5":{"name":"(anonymous_5)","decl":{"start":{"line":61,"column":12},"end":{"line":61,"column":13}},"loc":{"start":{"line":61,"column":26},"end":{"line":65,"column":7}},"line":61},"6":{"name":"(anonymous_6)","decl":{"start":{"line":62,"column":49},"end":{"line":62,"column":50}},"loc":{"start":{"line":62,"column":55},"end":{"line":64,"column":9}},"line":62},"7":{"name":"(anonymous_7)","decl":{"start":{"line":66,"column":13},"end":{"line":66,"column":14}},"loc":{"start":{"line":66,"column":27},"end":{"line":74,"column":7}},"line":66},"8":{"name":"(anonymous_8)","decl":{"start":{"line":77,"column":2},"end":{"line":77,"column":3}},"loc":{"start":{"line":77,"column":11},"end":{"line":135,"column":3}},"line":77},"9":{"name":"(anonymous_9)","decl":{"start":{"line":140,"column":16},"end":{"line":140,"column":17}},"loc":{"start":{"line":141,"column":6},"end":{"line":143,"column":8}},"line":141},"10":{"name":"(anonymous_10)","decl":{"start":{"line":141,"column":18},"end":{"line":141,"column":19}},"loc":{"start":{"line":141,"column":39},"end":{"line":143,"column":7}},"line":141},"11":{"name":"(anonymous_11)","decl":{"start":{"line":146,"column":10},"end":{"line":146,"column":11}},"loc":{"start":{"line":146,"column":16},"end":{"line":146,"column":18}},"line":146}},"branchMap":{"0":{"loc":{"start":{"line":35,"column":28},"end":{"line":37,"column":36}},"type":"cond-expr","locations":[{"start":{"line":36,"column":8},"end":{"line":36,"column":10}},{"start":{"line":37,"column":8},"end":{"line":37,"column":36}}],"line":35},"1":{"loc":{"start":{"line":45,"column":28},"end":{"line":47,"column":36}},"type":"cond-expr","locations":[{"start":{"line":46,"column":8},"end":{"line":46,"column":10}},{"start":{"line":47,"column":8},"end":{"line":47,"column":36}}],"line":45},"2":{"loc":{"start":{"line":69,"column":8},"end":{"line":71,"column":9}},"type":"if","locations":[{"start":{"line":69,"column":8},"end":{"line":71,"column":9}},{"start":{"line":69,"column":8},"end":{"line":71,"column":9}}],"line":69},"3":{"loc":{"start":{"line":69,"column":12},"end":{"line":69,"column":77}},"type":"binary-expr","locations":[{"start":{"line":69,"column":12},"end":{"line":69,"column":34}},{"start":{"line":69,"column":38},"end":{"line":69,"column":77}}],"line":69},"4":{"loc":{"start":{"line":87,"column":22},"end":{"line":87,"column":59}},"type":"binary-expr","locations":[{"start":{"line":87,"column":22},"end":{"line":87,"column":51}},{"start":{"line":87,"column":55},"end":{"line":87,"column":59}}],"line":87},"5":{"loc":{"start":{"line":97,"column":22},"end":{"line":97,"column":56}},"type":"binary-expr","locations":[{"start":{"line":97,"column":22},"end":{"line":97,"column":48}},{"start":{"line":97,"column":52},"end":{"line":97,"column":56}}],"line":97},"6":{"loc":{"start":{"line":108,"column":22},"end":{"line":108,"column":56}},"type":"binary-expr","locations":[{"start":{"line":108,"column":22},"end":{"line":108,"column":48}},{"start":{"line":108,"column":52},"end":{"line":108,"column":56}}],"line":108},"7":{"loc":{"start":{"line":119,"column":22},"end":{"line":119,"column":62}},"type":"binary-expr","locations":[{"start":{"line":119,"column":22},"end":{"line":119,"column":54}},{"start":{"line":119,"column":58},"end":{"line":119,"column":62}}],"line":119},"8":{"loc":{"start":{"line":127,"column":14},"end":{"line":127,"column":78}},"type":"binary-expr","locations":[{"start":{"line":127,"column":14},"end":{"line":127,"column":39}},{"start":{"line":127,"column":43},"end":{"line":127,"column":78}}],"line":127}},"s":{"0":32,"1":32,"2":19,"3":19,"4":19,"5":19,"6":32,"7":19,"8":19,"9":19,"10":19,"11":32,"12":21,"13":21,"14":21,"15":21,"16":21,"17":21,"18":32,"19":20,"20":20,"21":20,"22":20,"23":20,"24":32,"25":12,"26":12,"27":12,"28":7,"29":5,"30":5,"31":5,"32":4,"33":5,"34":133,"35":2,"36":1,"37":1},"f":{"0":19,"1":19,"2":21,"3":20,"4":12,"5":7,"6":5,"7":5,"8":133,"9":1,"10":1,"11":4},"b":{"0":[0,21],"1":[17,3],"2":[4,1],"3":[5,5],"4":[133,2],"5":[133,1],"6":[133,1],"7":[133,24],"8":[133,121]},"_coverageSchema":"1a1c01bbd47fc00a2c39e90264f33305004495a9","hash":"f80e930fd9b8355d57b420f85bf21364baca17b6"}
}
