TN:
SF:src/api/apiCalls.js
FN:3,(anonymous_0)
FN:7,(anonymous_1)
FN:11,(anonymous_2)
FN:21,(anonymous_3)
FNF:4
FNH:4
FNDA:2,(anonymous_0)
FNDA:5,(anonymous_1)
FNDA:8,(anonymous_2)
FNDA:18,(anonymous_3)
DA:3,6
DA:4,2
DA:7,6
DA:8,5
DA:11,6
DA:12,8
DA:13,7
DA:17,1
DA:21,6
DA:22,18
DA:25,18
LF:11
LH:11
BRDA:12,0,0,7
BRDA:12,0,1,1
BRDA:22,1,0,18
BRDA:22,1,1,16
BRDA:23,2,0,18
BRDA:23,2,1,2
BRF:6
BRH:6
end_of_record
TN:
SF:src/components/UserList.js
FN:15,(anonymous_0)
FN:19,(anonymous_1)
FN:22,(anonymous_2)
FN:25,(anonymous_3)
FN:30,(anonymous_4)
FN:34,(anonymous_5)
FN:38,(anonymous_6)
FN:41,(anonymous_7)
FN:46,(anonymous_8)
FNF:9
FNH:8
FNDA:27,(anonymous_0)
FNDA:32,(anonymous_1)
FNDA:16,(anonymous_2)
FNDA:9,(anonymous_3)
FNDA:1,(anonymous_4)
FNDA:4,(anonymous_5)
FNDA:0,(anonymous_6)
FNDA:45,(anonymous_7)
FNDA:48,(anonymous_8)
DA:7,27
DA:16,27
DA:19,27
DA:20,32
DA:23,16
DA:26,9
DA:30,27
DA:31,1
DA:34,27
DA:35,4
DA:38,27
DA:39,0
DA:42,45
DA:47,48
LF:14
LH:13
BRDA:19,0,0,27
BRDA:51,1,0,45
BRDA:51,1,1,37
BRDA:58,2,0,45
BRDA:58,2,1,34
BRDA:68,3,0,45
BRDA:68,3,1,2
BRF:7
BRH:7
end_of_record
TN:
SF:src/components/UserListItem.js
FN:5,(anonymous_0)
FNF:1
FNH:1
FNDA:52,(anonymous_0)
DA:5,4
DA:6,52
DA:7,52
DA:8,2
DA:10,51
LF:5
LH:5
BRDA:7,0,0,2
BRDA:7,0,1,49
BRF:2
BRH:2
end_of_record
TN:
SF:src/containers/App.js
FN:10,(anonymous_0)
FNF:1
FNH:1
FNDA:20,(anonymous_0)
DA:10,1
DA:11,20
LF:2
LH:2
BRF:0
BRH:0
end_of_record
TN:
SF:src/pages/HomePage.js
FN:5,(anonymous_0)
FNF:1
FNH:1
FNDA:13,(anonymous_0)
DA:6,13
LF:1
LH:1
BRF:0
BRH:0
end_of_record
TN:
SF:src/redux/configureStore.js
FN:9,(anonymous_0)
FN:32,(anonymous_1)
FNF:2
FNH:2
FNDA:19,(anonymous_0)
FNDA:5,(anonymous_1)
DA:9,1
DA:10,19
DA:11,19
DA:20,19
DA:21,3
DA:22,3
DA:23,3
DA:27,19
DA:30,19
DA:32,19
DA:33,5
DA:34,5
DA:37,19
LF:13
LH:13
BRDA:9,0,0,0
BRDA:20,1,0,3
BRDA:20,1,1,16
BRDA:27,2,0,0
BRDA:27,2,1,19
BRF:5
BRH:3
end_of_record
