TN:
SF:src/index.js
FNF:0
FNH:0
DA:9,0
DA:13,0
DA:23,0
LF:3
LH:0
BRF:0
BRH:0
end_of_record
TN:
SF:src/api/apiCalls.js
FN:3,(anonymous_0)
FN:7,(anonymous_1)
FNF:2
FNH:2
FNDA:1,(anonymous_0)
FNDA:1,(anonymous_1)
DA:3,1
DA:4,1
DA:7,1
DA:8,1
LF:4
LH:4
BRF:0
BRH:0
end_of_record
TN:
SF:src/components/ButtonWithProgress.js
FN:3,(anonymous_0)
FNF:1
FNH:1
FNDA:197,(anonymous_0)
DA:3,2
DA:4,197
LF:2
LH:2
BRDA:10,0,0,197
BRDA:10,0,1,25
BRF:2
BRH:2
end_of_record
TN:
SF:src/pages/LoginPage.js
FN:13,(anonymous_0)
FN:21,(anonymous_1)
FN:29,(anonymous_2)
FN:39,(anonymous_3)
FN:42,(anonymous_4)
FN:51,(anonymous_5)
FN:100,(anonymous_6)
FN:100,(anonymous_7)
FNF:8
FNH:8
FNDA:16,(anonymous_0)
FNDA:16,(anonymous_1)
FNDA:10,(anonymous_2)
FNDA:6,(anonymous_3)
FNDA:4,(anonymous_4)
FNDA:74,(anonymous_5)
FNDA:1,(anonymous_6)
FNDA:1,(anonymous_7)
DA:6,20
DA:13,20
DA:14,16
DA:15,16
DA:21,20
DA:22,16
DA:23,16
DA:29,20
DA:30,10
DA:35,10
DA:37,10
DA:40,6
DA:43,4
DA:44,4
DA:47,4
DA:52,74
DA:53,74
DA:54,37
DA:57,74
DA:98,1
DA:100,1
LF:21
LH:21
BRDA:43,0,0,4
BRDA:43,0,1,0
BRDA:53,1,0,37
BRDA:53,1,1,37
BRDA:53,2,0,74
BRDA:53,2,1,52
BRDA:79,3,0,74
BRDA:79,3,1,6
BRDA:88,4,0,74
BRDA:88,4,1,37
BRF:10
BRH:9
end_of_record
TN:
SF:src/pages/UserSignupPage.js
FN:16,(anonymous_0)
FN:23,(anonymous_1)
FN:30,(anonymous_2)
FN:41,(anonymous_3)
FN:51,(anonymous_4)
FN:61,(anonymous_5)
FN:64,(anonymous_6)
FN:75,(anonymous_7)
FN:138,(anonymous_8)
FN:139,(anonymous_9)
FNF:10
FNH:10
FNDA:18,(anonymous_0)
FNDA:18,(anonymous_1)
FNDA:20,(anonymous_2)
FNDA:19,(anonymous_3)
FNDA:11,(anonymous_4)
FNDA:6,(anonymous_5)
FNDA:5,(anonymous_6)
FNDA:123,(anonymous_7)
FNDA:1,(anonymous_8)
FNDA:1,(anonymous_9)
DA:6,28
DA:16,28
DA:17,18
DA:18,18
DA:19,18
DA:20,18
DA:23,28
DA:24,18
DA:25,18
DA:26,18
DA:27,18
DA:30,28
DA:31,20
DA:32,20
DA:33,20
DA:34,20
DA:35,20
DA:38,20
DA:41,28
DA:42,19
DA:43,19
DA:44,19
DA:45,19
DA:48,19
DA:51,28
DA:52,11
DA:58,11
DA:59,11
DA:62,6
DA:65,5
DA:67,5
DA:68,4
DA:71,5
DA:76,123
DA:136,1
DA:139,1
DA:140,1
LF:37
LH:37
BRDA:35,0,0,0
BRDA:35,0,1,20
BRDA:45,1,0,16
BRDA:45,1,1,3
BRDA:67,2,0,4
BRDA:67,2,1,1
BRDA:67,3,0,5
BRDA:67,3,1,5
BRDA:85,4,0,123
BRDA:85,4,1,2
BRDA:95,5,0,123
BRDA:95,5,1,1
BRDA:106,6,0,123
BRDA:106,6,1,1
BRDA:117,7,0,123
BRDA:117,7,1,23
BRDA:125,8,0,123
BRDA:125,8,1,112
BRF:18
BRH:17
end_of_record
